{"C:\\Users\\Steven\\Desktop\\workidea\\client\\src\\setUpTest.js": {"path":"C:\\Users\\Steven\\Desktop\\workidea\\client\\src\\setUpTest.js","statementMap":{"0":{"start":{"line":4,"column":0},"end":{"line":4,"column":44}}},"fnMap":{},"branchMap":{},"s":{"0":3},"f":{},"b":{},"_coverageSchema":"332fd63041d2c1bcb487cc26dd0d5f7d97098a6c","hash":"1cc3b1310fbd3b6be74c203d68f81fd077046426"}
,"C:\\Users\\Steven\\Desktop\\workidea\\client\\src\\components\\Achievments.js": {"path":"C:\\Users\\Steven\\Desktop\\workidea\\client\\src\\components\\Achievments.js","statementMap":{"0":{"start":{"line":4,"column":21},"end":{"line":10,"column":1}},"1":{"start":{"line":5,"column":4},"end":{"line":9,"column":8}}},"fnMap":{"0":{"name":"(anonymous_0)","decl":{"start":{"line":4,"column":21},"end":{"line":4,"column":22}},"loc":{"start":{"line":4,"column":27},"end":{"line":10,"column":1}},"line":4}},"branchMap":{},"s":{"0":1,"1":1},"f":{"0":1},"b":{},"_coverageSchema":"332fd63041d2c1bcb487cc26dd0d5f7d97098a6c","hash":"fbb03a502d134de807fb6258b8129c561f69c21c"}
,"C:\\Users\\Steven\\Desktop\\workidea\\client\\src\\components\\Feedback.js": {"path":"C:\\Users\\Steven\\Desktop\\workidea\\client\\src\\components\\Feedback.js","statementMap":{"0":{"start":{"line":5,"column":8},"end":{"line":5,"column":21}},"1":{"start":{"line":6,"column":8},"end":{"line":6,"column":25}},"2":{"start":{"line":9,"column":8},"end":{"line":13,"column":12}}},"fnMap":{"0":{"name":"(anonymous_0)","decl":{"start":{"line":4,"column":4},"end":{"line":4,"column":5}},"loc":{"start":{"line":4,"column":23},"end":{"line":7,"column":5}},"line":4},"1":{"name":"(anonymous_1)","decl":{"start":{"line":8,"column":4},"end":{"line":8,"column":5}},"loc":{"start":{"line":8,"column":13},"end":{"line":14,"column":5}},"line":8}},"branchMap":{},"s":{"0":1,"1":1,"2":1},"f":{"0":1,"1":1},"b":{},"_coverageSchema":"332fd63041d2c1bcb487cc26dd0d5f7d97098a6c","hash":"6b3584c80fdd7a7904ce4de717086a97747f5da5"}
,"C:\\Users\\Steven\\Desktop\\workidea\\client\\src\\components\\Footer.js": {"path":"C:\\Users\\Steven\\Desktop\\workidea\\client\\src\\components\\Footer.js","statementMap":{"0":{"start":{"line":9,"column":15},"end":{"line":76,"column":1}},"1":{"start":{"line":10,"column":4},"end":{"line":75,"column":6}}},"fnMap":{"0":{"name":"(anonymous_0)","decl":{"start":{"line":9,"column":15},"end":{"line":9,"column":16}},"loc":{"start":{"line":9,"column":21},"end":{"line":76,"column":1}},"line":9}},"branchMap":{},"s":{"0":1,"1":0},"f":{"0":0},"b":{},"_coverageSchema":"332fd63041d2c1bcb487cc26dd0d5f7d97098a6c","hash":"e156e81479c7d1ad0812bc3e4b3adca814e4f297"}
,"C:\\Users\\Steven\\Desktop\\workidea\\client\\src\\components\\Header.js": {"path":"C:\\Users\\Steven\\Desktop\\workidea\\client\\src\\components\\Header.js","statementMap":{"0":{"start":{"line":8,"column":8},"end":{"line":8,"column":21}},"1":{"start":{"line":10,"column":8},"end":{"line":71,"column":9}},"2":{"start":{"line":76,"column":19},"end":{"line":76,"column":21}},"3":{"start":{"line":77,"column":8},"end":{"line":132,"column":9}},"4":{"start":{"line":78,"column":12},"end":{"line":78,"column":40}},"5":{"start":{"line":79,"column":12},"end":{"line":102,"column":17}},"6":{"start":{"line":80,"column":16},"end":{"line":84,"column":18}},"7":{"start":{"line":81,"column":15},"end":{"line":83,"column":16}},"8":{"start":{"line":82,"column":19},"end":{"line":82,"column":34}},"9":{"start":{"line":85,"column":16},"end":{"line":85,"column":75}},"10":{"start":{"line":86,"column":32},"end":{"line":88,"column":16}},"11":{"start":{"line":87,"column":18},"end":{"line":87,"column":51}},"12":{"start":{"line":89,"column":14},"end":{"line":89,"column":59}},"13":{"start":{"line":90,"column":14},"end":{"line":90,"column":29}},"14":{"start":{"line":95,"column":20},"end":{"line":101,"column":21}},"15":{"start":{"line":96,"column":41},"end":{"line":98,"column":26}},"16":{"start":{"line":97,"column":28},"end":{"line":97,"column":60}},"17":{"start":{"line":99,"column":24},"end":{"line":99,"column":86}},"18":{"start":{"line":100,"column":24},"end":{"line":100,"column":39}},"19":{"start":{"line":107,"column":12},"end":{"line":131,"column":13}},"20":{"start":{"line":108,"column":16},"end":{"line":112,"column":18}},"21":{"start":{"line":109,"column":20},"end":{"line":111,"column":21}},"22":{"start":{"line":110,"column":24},"end":{"line":110,"column":39}},"23":{"start":{"line":113,"column":32},"end":{"line":119,"column":18}},"24":{"start":{"line":114,"column":20},"end":{"line":118,"column":21}},"25":{"start":{"line":115,"column":20},"end":{"line":115,"column":53}},"26":{"start":{"line":117,"column":24},"end":{"line":117,"column":53}},"27":{"start":{"line":120,"column":16},"end":{"line":120,"column":61}},"28":{"start":{"line":121,"column":16},"end":{"line":121,"column":31}},"29":{"start":{"line":124,"column":16},"end":{"line":130,"column":17}},"30":{"start":{"line":125,"column":37},"end":{"line":127,"column":22}},"31":{"start":{"line":126,"column":24},"end":{"line":126,"column":56}},"32":{"start":{"line":128,"column":20},"end":{"line":128,"column":82}},"33":{"start":{"line":129,"column":20},"end":{"line":129,"column":35}},"34":{"start":{"line":136,"column":8},"end":{"line":148,"column":5}},"35":{"start":{"line":137,"column":30},"end":{"line":137,"column":52}},"36":{"start":{"line":138,"column":8},"end":{"line":138,"column":75}},"37":{"start":{"line":140,"column":8},"end":{"line":147,"column":9}},"38":{"start":{"line":152,"column":8},"end":{"line":161,"column":66}},"39":{"start":{"line":155,"column":31},"end":{"line":155,"column":72}},"40":{"start":{"line":175,"column":8},"end":{"line":199,"column":12}},"41":{"start":{"line":204,"column":24},"end":{"line":207,"column":2}},"42":{"start":{"line":204,"column":36},"end":{"line":207,"column":1}},"43":{"start":{"line":209,"column":16},"end":{"line":211,"column":1}}},"fnMap":{"0":{"name":"(anonymous_0)","decl":{"start":{"line":7,"column":4},"end":{"line":7,"column":5}},"loc":{"start":{"line":7,"column":23},"end":{"line":73,"column":5}},"line":7},"1":{"name":"(anonymous_1)","decl":{"start":{"line":75,"column":16},"end":{"line":75,"column":17}},"loc":{"start":{"line":75,"column":26},"end":{"line":133,"column":5}},"line":75},"2":{"name":"(anonymous_2)","decl":{"start":{"line":80,"column":28},"end":{"line":80,"column":29}},"loc":{"start":{"line":80,"column":36},"end":{"line":84,"column":17}},"line":80},"3":{"name":"(anonymous_3)","decl":{"start":{"line":86,"column":41},"end":{"line":86,"column":42}},"loc":{"start":{"line":86,"column":55},"end":{"line":88,"column":15}},"line":86},"4":{"name":"(anonymous_4)","decl":{"start":{"line":96,"column":50},"end":{"line":96,"column":51}},"loc":{"start":{"line":96,"column":62},"end":{"line":98,"column":25}},"line":96},"5":{"name":"(anonymous_5)","decl":{"start":{"line":108,"column":28},"end":{"line":108,"column":29}},"loc":{"start":{"line":108,"column":36},"end":{"line":112,"column":17}},"line":108},"6":{"name":"(anonymous_6)","decl":{"start":{"line":113,"column":41},"end":{"line":113,"column":42}},"loc":{"start":{"line":113,"column":54},"end":{"line":119,"column":17}},"line":113},"7":{"name":"(anonymous_7)","decl":{"start":{"line":125,"column":46},"end":{"line":125,"column":47}},"loc":{"start":{"line":125,"column":58},"end":{"line":127,"column":21}},"line":125},"8":{"name":"(anonymous_8)","decl":{"start":{"line":135,"column":15},"end":{"line":135,"column":16}},"loc":{"start":{"line":135,"column":27},"end":{"line":149,"column":1}},"line":135},"9":{"name":"(anonymous_9)","decl":{"start":{"line":151,"column":19},"end":{"line":151,"column":20}},"loc":{"start":{"line":152,"column":8},"end":{"line":161,"column":66}},"line":152},"10":{"name":"(anonymous_10)","decl":{"start":{"line":155,"column":25},"end":{"line":155,"column":26}},"loc":{"start":{"line":155,"column":31},"end":{"line":155,"column":72}},"line":155},"11":{"name":"(anonymous_11)","decl":{"start":{"line":169,"column":4},"end":{"line":169,"column":5}},"loc":{"start":{"line":169,"column":13},"end":{"line":200,"column":5}},"line":169},"12":{"name":"(anonymous_12)","decl":{"start":{"line":204,"column":24},"end":{"line":204,"column":25}},"loc":{"start":{"line":204,"column":36},"end":{"line":207,"column":1}},"line":204}},"branchMap":{"0":{"loc":{"start":{"line":77,"column":8},"end":{"line":132,"column":9}},"type":"if","locations":[{"start":{"line":77,"column":8},"end":{"line":132,"column":9}},{"start":{"line":77,"column":8},"end":{"line":132,"column":9}}],"line":77},"1":{"loc":{"start":{"line":79,"column":12},"end":{"line":102,"column":17}},"type":"if","locations":[{"start":{"line":79,"column":12},"end":{"line":102,"column":17}},{"start":{"line":79,"column":12},"end":{"line":102,"column":17}}],"line":79},"2":{"loc":{"start":{"line":81,"column":15},"end":{"line":83,"column":16}},"type":"if","locations":[{"start":{"line":81,"column":15},"end":{"line":83,"column":16}},{"start":{"line":81,"column":15},"end":{"line":83,"column":16}}],"line":81},"3":{"loc":{"start":{"line":95,"column":20},"end":{"line":101,"column":21}},"type":"if","locations":[{"start":{"line":95,"column":20},"end":{"line":101,"column":21}},{"start":{"line":95,"column":20},"end":{"line":101,"column":21}}],"line":95},"4":{"loc":{"start":{"line":107,"column":12},"end":{"line":131,"column":13}},"type":"if","locations":[{"start":{"line":107,"column":12},"end":{"line":131,"column":13}},{"start":{"line":107,"column":12},"end":{"line":131,"column":13}}],"line":107},"5":{"loc":{"start":{"line":109,"column":20},"end":{"line":111,"column":21}},"type":"if","locations":[{"start":{"line":109,"column":20},"end":{"line":111,"column":21}},{"start":{"line":109,"column":20},"end":{"line":111,"column":21}}],"line":109},"6":{"loc":{"start":{"line":114,"column":20},"end":{"line":118,"column":21}},"type":"if","locations":[{"start":{"line":114,"column":20},"end":{"line":118,"column":21}},{"start":{"line":114,"column":20},"end":{"line":118,"column":21}}],"line":114},"7":{"loc":{"start":{"line":124,"column":16},"end":{"line":130,"column":17}},"type":"if","locations":[{"start":{"line":124,"column":16},"end":{"line":130,"column":17}},{"start":{"line":124,"column":16},"end":{"line":130,"column":17}}],"line":124},"8":{"loc":{"start":{"line":136,"column":8},"end":{"line":148,"column":5}},"type":"if","locations":[{"start":{"line":136,"column":8},"end":{"line":148,"column":5}},{"start":{"line":136,"column":8},"end":{"line":148,"column":5}}],"line":136},"9":{"loc":{"start":{"line":142,"column":23},"end":{"line":142,"column":69}},"type":"cond-expr","locations":[{"start":{"line":142,"column":42},"end":{"line":142,"column":65}},{"start":{"line":142,"column":68},"end":{"line":142,"column":69}}],"line":142},"10":{"loc":{"start":{"line":152,"column":8},"end":{"line":161,"column":66}},"type":"cond-expr","locations":[{"start":{"line":153,"column":12},"end":{"line":160,"column":18}},{"start":{"line":161,"column":17},"end":{"line":161,"column":66}}],"line":152}},"s":{"0":0,"1":0,"2":0,"3":0,"4":0,"5":0,"6":0,"7":0,"8":0,"9":0,"10":0,"11":0,"12":0,"13":0,"14":0,"15":0,"16":0,"17":0,"18":0,"19":0,"20":0,"21":0,"22":0,"23":0,"24":0,"25":0,"26":0,"27":0,"28":0,"29":0,"30":0,"31":0,"32":0,"33":0,"34":0,"35":0,"36":0,"37":0,"38":0,"39":0,"40":0,"41":1,"42":0,"43":1},"f":{"0":0,"1":0,"2":0,"3":0,"4":0,"5":0,"6":0,"7":0,"8":0,"9":0,"10":0,"11":0,"12":0},"b":{"0":[0,0],"1":[0,0],"2":[0,0],"3":[0,0],"4":[0,0],"5":[0,0],"6":[0,0],"7":[0,0],"8":[0,0],"9":[0,0],"10":[0,0]},"_coverageSchema":"332fd63041d2c1bcb487cc26dd0d5f7d97098a6c","hash":"b69e2b347d11a5d88ed81f8ff1b84cc779e83398"}
,"C:\\Users\\Steven\\Desktop\\workidea\\client\\src\\components\\Layout.js": {"path":"C:\\Users\\Steven\\Desktop\\workidea\\client\\src\\components\\Layout.js","statementMap":{"0":{"start":{"line":8,"column":8},"end":{"line":8,"column":21}},"1":{"start":{"line":11,"column":8},"end":{"line":19,"column":10}}},"fnMap":{"0":{"name":"(anonymous_0)","decl":{"start":{"line":7,"column":4},"end":{"line":7,"column":5}},"loc":{"start":{"line":7,"column":23},"end":{"line":9,"column":5}},"line":7},"1":{"name":"(anonymous_1)","decl":{"start":{"line":10,"column":4},"end":{"line":10,"column":5}},"loc":{"start":{"line":10,"column":13},"end":{"line":20,"column":5}},"line":10}},"branchMap":{},"s":{"0":1,"1":1},"f":{"0":1,"1":1},"b":{},"_coverageSchema":"332fd63041d2c1bcb487cc26dd0d5f7d97098a6c","hash":"bced248995a9e0e78c8f5f0fabfd4c3631820cf2"}
,"C:\\Users\\Steven\\Desktop\\workidea\\client\\src\\reducers\\errorsReducer.js": {"path":"C:\\Users\\Steven\\Desktop\\workidea\\client\\src\\reducers\\errorsReducer.js","statementMap":{"0":{"start":{"line":3,"column":21},"end":{"line":3,"column":23}},"1":{"start":{"line":7,"column":22},"end":{"line":14,"column":1}},"2":{"start":{"line":8,"column":4},"end":{"line":13,"column":5}},"3":{"start":{"line":10,"column":8},"end":{"line":10,"column":30}},"4":{"start":{"line":12,"column":8},"end":{"line":12,"column":21}}},"fnMap":{"0":{"name":"(anonymous_0)","decl":{"start":{"line":7,"column":22},"end":{"line":7,"column":23}},"loc":{"start":{"line":7,"column":54},"end":{"line":14,"column":1}},"line":7}},"branchMap":{"0":{"loc":{"start":{"line":7,"column":23},"end":{"line":7,"column":41}},"type":"default-arg","locations":[{"start":{"line":7,"column":29},"end":{"line":7,"column":41}}],"line":7},"1":{"loc":{"start":{"line":8,"column":4},"end":{"line":13,"column":5}},"type":"switch","locations":[{"start":{"line":9,"column":8},"end":{"line":10,"column":30}},{"start":{"line":11,"column":8},"end":{"line":12,"column":21}}],"line":8}},"s":{"0":1,"1":1,"2":3,"3":2,"4":1},"f":{"0":3},"b":{"0":[0],"1":[2,1]},"_coverageSchema":"332fd63041d2c1bcb487cc26dd0d5f7d97098a6c","hash":"48ad39b1811391e9a36c6b7bde3ff002b36236ec"}
,"C:\\Users\\Steven\\Desktop\\workidea\\client\\src\\reducers\\messagesReducer.js": {"path":"C:\\Users\\Steven\\Desktop\\workidea\\client\\src\\reducers\\messagesReducer.js","statementMap":{"0":{"start":{"line":5,"column":21},"end":{"line":7,"column":1}},"1":{"start":{"line":9,"column":24},"end":{"line":25,"column":1}},"2":{"start":{"line":10,"column":0},"end":{"line":24,"column":1}},"3":{"start":{"line":12,"column":3},"end":{"line":15,"column":4}},"4":{"start":{"line":17,"column":3},"end":{"line":20,"column":5}},"5":{"start":{"line":23,"column":7},"end":{"line":23,"column":20}}},"fnMap":{"0":{"name":"(anonymous_0)","decl":{"start":{"line":9,"column":24},"end":{"line":9,"column":25}},"loc":{"start":{"line":9,"column":55},"end":{"line":25,"column":1}},"line":9}},"branchMap":{"0":{"loc":{"start":{"line":9,"column":25},"end":{"line":9,"column":43}},"type":"default-arg","locations":[{"start":{"line":9,"column":31},"end":{"line":9,"column":43}}],"line":9},"1":{"loc":{"start":{"line":10,"column":0},"end":{"line":24,"column":1}},"type":"switch","locations":[{"start":{"line":11,"column":3},"end":{"line":15,"column":4}},{"start":{"line":16,"column":3},"end":{"line":20,"column":5}},{"start":{"line":22,"column":3},"end":{"line":23,"column":20}}],"line":10}},"s":{"0":1,"1":1,"2":3,"3":1,"4":1,"5":1},"f":{"0":3},"b":{"0":[0],"1":[1,1,1]},"_coverageSchema":"332fd63041d2c1bcb487cc26dd0d5f7d97098a6c","hash":"1cb4b136f9670e013c0edc9331a37c49ca8c2938"}
,"C:\\Users\\Steven\\Desktop\\workidea\\client\\src\\types\\types.js": {"path":"C:\\Users\\Steven\\Desktop\\workidea\\client\\src\\types\\types.js","statementMap":{"0":{"start":{"line":1,"column":26},"end":{"line":1,"column":38}},"1":{"start":{"line":2,"column":32},"end":{"line":2,"column":50}},"2":{"start":{"line":3,"column":28},"end":{"line":3,"column":42}},"3":{"start":{"line":4,"column":26},"end":{"line":4,"column":38}},"4":{"start":{"line":5,"column":27},"end":{"line":5,"column":40}},"5":{"start":{"line":6,"column":28},"end":{"line":6,"column":42}}},"fnMap":{},"branchMap":{},"s":{"0":1,"1":1,"2":1,"3":1,"4":1,"5":1},"f":{},"b":{},"_coverageSchema":"332fd63041d2c1bcb487cc26dd0d5f7d97098a6c","hash":"e1bef840ca0adf26f2abc08a4650099bd56211d3"}
}
