TN:
SF:C:\Users\Steven\Desktop\workidea\client\src\actions\guidanceActions.js
FN:4,(anonymous_0)
FN:4,(anonymous_1)
FN:8,(anonymous_2)
FN:16,(anonymous_3)
FN:24,(anonymous_4)
FN:24,(anonymous_5)
FN:30,(anonymous_6)
FN:34,(anonymous_7)
FN:36,(anonymous_8)
FN:39,(anonymous_9)
FN:50,(anonymous_10)
FN:50,(anonymous_11)
FN:52,(anonymous_12)
FN:59,(anonymous_13)
FNF:14
FNH:5
FNDA:1,(anonymous_0)
FNDA:1,(anonymous_1)
FNDA:1,(anonymous_2)
FNDA:0,(anonymous_3)
FNDA:0,(anonymous_4)
FNDA:0,(anonymous_5)
FNDA:0,(anonymous_6)
FNDA:0,(anonymous_7)
FNDA:0,(anonymous_8)
FNDA:0,(anonymous_9)
FNDA:1,(anonymous_10)
FNDA:1,(anonymous_11)
FNDA:0,(anonymous_12)
FNDA:0,(anonymous_13)
DA:4,1
DA:7,1
DA:9,1
DA:10,1
DA:14,1
DA:17,0
DA:24,1
DA:29,0
DA:31,0
DA:34,0
DA:35,0
DA:37,0
DA:40,0
DA:50,1
DA:51,1
DA:53,0
DA:54,0
DA:60,0
LF:18
LH:8
BRF:0
BRH:0
end_of_record
TN:
SF:C:\Users\Steven\Desktop\workidea\client\src\actions\managerActions.js
FN:5,(anonymous_0)
FN:5,(anonymous_1)
FN:7,(anonymous_2)
FN:15,(anonymous_3)
FN:24,(anonymous_4)
FN:24,(anonymous_5)
FN:27,(anonymous_6)
FN:30,(anonymous_7)
FN:32,(anonymous_8)
FN:34,(anonymous_9)
FN:43,(anonymous_10)
FN:43,(anonymous_11)
FN:46,(anonymous_12)
FN:53,(anonymous_13)
FNF:14
FNH:4
FNDA:1,(anonymous_0)
FNDA:1,(anonymous_1)
FNDA:0,(anonymous_2)
FNDA:0,(anonymous_3)
FNDA:0,(anonymous_4)
FNDA:0,(anonymous_5)
FNDA:0,(anonymous_6)
FNDA:0,(anonymous_7)
FNDA:0,(anonymous_8)
FNDA:0,(anonymous_9)
FNDA:1,(anonymous_10)
FNDA:1,(anonymous_11)
FNDA:0,(anonymous_12)
FNDA:0,(anonymous_13)
DA:5,1
DA:6,1
DA:9,0
DA:13,0
DA:16,0
DA:24,1
DA:26,0
DA:28,0
DA:30,0
DA:31,0
DA:35,0
DA:43,1
DA:44,1
DA:47,0
DA:48,0
DA:54,0
LF:16
LH:5
BRF:0
BRH:0
end_of_record
TN:
SF:C:\Users\Steven\Desktop\workidea\client\src\actions\sportsActions.js
FN:11,(anonymous_0)
FN:11,(anonymous_1)
FN:13,(anonymous_2)
FN:20,(anonymous_3)
FN:31,(anonymous_4)
FN:31,(anonymous_5)
FN:33,(anonymous_6)
FN:40,(anonymous_7)
FN:48,(anonymous_8)
FN:48,(anonymous_9)
FN:50,(anonymous_10)
FN:57,(anonymous_11)
FN:65,(anonymous_12)
FN:65,(anonymous_13)
FN:67,(anonymous_14)
FN:74,(anonymous_15)
FN:82,(anonymous_16)
FN:82,(anonymous_17)
FN:84,(anonymous_18)
FN:87,(anonymous_19)
FN:89,(anonymous_20)
FN:91,(anonymous_21)
FN:100,(anonymous_22)
FN:100,(anonymous_23)
FN:102,(anonymous_24)
FN:110,(anonymous_25)
FN:117,(anonymous_26)
FN:117,(anonymous_27)
FN:119,(anonymous_28)
FN:122,(anonymous_29)
FN:124,(anonymous_30)
FN:126,(anonymous_31)
FN:136,(anonymous_32)
FN:136,(anonymous_33)
FN:139,(anonymous_34)
FN:146,(anonymous_35)
FN:153,(anonymous_36)
FN:153,(anonymous_37)
FN:156,(anonymous_38)
FN:164,(anonymous_39)
FN:172,(anonymous_40)
FN:172,(anonymous_41)
FN:177,(anonymous_42)
FN:181,(anonymous_43)
FN:183,(anonymous_44)
FN:186,(anonymous_45)
FN:197,(anonymous_46)
FN:197,(anonymous_47)
FN:200,(anonymous_48)
FN:206,(anonymous_49)
FN:214,(anonymous_50)
FN:214,(anonymous_51)
FN:216,(anonymous_52)
FN:224,(anonymous_53)
FN:233,(anonymous_54)
FN:233,(anonymous_55)
FN:236,(anonymous_56)
FN:243,(anonymous_57)
FN:251,(anonymous_58)
FN:251,(anonymous_59)
FN:254,(anonymous_60)
FN:257,(anonymous_61)
FN:266,(anonymous_62)
FN:266,(anonymous_63)
FN:268,(anonymous_64)
FN:271,(anonymous_65)
FN:278,(anonymous_66)
FN:278,(anonymous_67)
FN:281,(anonymous_68)
FN:287,(anonymous_69)
FN:295,(anonymous_70)
FN:295,(anonymous_71)
FN:298,(anonymous_72)
FN:301,(anonymous_73)
FN:309,(anonymous_74)
FN:309,(anonymous_75)
FN:311,(anonymous_76)
FN:319,(anonymous_77)
FN:326,(anonymous_78)
FN:326,(anonymous_79)
FN:329,(anonymous_80)
FN:335,(anonymous_81)
FN:343,(anonymous_82)
FN:343,(anonymous_83)
FN:346,(anonymous_84)
FN:349,(anonymous_85)
FNF:86
FNH:6
FNDA:0,(anonymous_0)
FNDA:0,(anonymous_1)
FNDA:0,(anonymous_2)
FNDA:0,(anonymous_3)
FNDA:0,(anonymous_4)
FNDA:0,(anonymous_5)
FNDA:0,(anonymous_6)
FNDA:0,(anonymous_7)
FNDA:1,(anonymous_8)
FNDA:1,(anonymous_9)
FNDA:1,(anonymous_10)
FNDA:0,(anonymous_11)
FNDA:0,(anonymous_12)
FNDA:0,(anonymous_13)
FNDA:0,(anonymous_14)
FNDA:0,(anonymous_15)
FNDA:0,(anonymous_16)
FNDA:0,(anonymous_17)
FNDA:0,(anonymous_18)
FNDA:0,(anonymous_19)
FNDA:0,(anonymous_20)
FNDA:0,(anonymous_21)
FNDA:0,(anonymous_22)
FNDA:0,(anonymous_23)
FNDA:0,(anonymous_24)
FNDA:0,(anonymous_25)
FNDA:0,(anonymous_26)
FNDA:0,(anonymous_27)
FNDA:0,(anonymous_28)
FNDA:0,(anonymous_29)
FNDA:0,(anonymous_30)
FNDA:0,(anonymous_31)
FNDA:0,(anonymous_32)
FNDA:0,(anonymous_33)
FNDA:0,(anonymous_34)
FNDA:0,(anonymous_35)
FNDA:0,(anonymous_36)
FNDA:0,(anonymous_37)
FNDA:0,(anonymous_38)
FNDA:0,(anonymous_39)
FNDA:0,(anonymous_40)
FNDA:0,(anonymous_41)
FNDA:0,(anonymous_42)
FNDA:0,(anonymous_43)
FNDA:0,(anonymous_44)
FNDA:0,(anonymous_45)
FNDA:1,(anonymous_46)
FNDA:1,(anonymous_47)
FNDA:1,(anonymous_48)
FNDA:0,(anonymous_49)
FNDA:0,(anonymous_50)
FNDA:0,(anonymous_51)
FNDA:0,(anonymous_52)
FNDA:0,(anonymous_53)
FNDA:0,(anonymous_54)
FNDA:0,(anonymous_55)
FNDA:0,(anonymous_56)
FNDA:0,(anonymous_57)
FNDA:0,(anonymous_58)
FNDA:0,(anonymous_59)
FNDA:0,(anonymous_60)
FNDA:0,(anonymous_61)
FNDA:0,(anonymous_62)
FNDA:0,(anonymous_63)
FNDA:0,(anonymous_64)
FNDA:0,(anonymous_65)
FNDA:0,(anonymous_66)
FNDA:0,(anonymous_67)
FNDA:0,(anonymous_68)
FNDA:0,(anonymous_69)
FNDA:0,(anonymous_70)
FNDA:0,(anonymous_71)
FNDA:0,(anonymous_72)
FNDA:0,(anonymous_73)
FNDA:0,(anonymous_74)
FNDA:0,(anonymous_75)
FNDA:0,(anonymous_76)
FNDA:0,(anonymous_77)
FNDA:0,(anonymous_78)
FNDA:0,(anonymous_79)
FNDA:0,(anonymous_80)
FNDA:0,(anonymous_81)
FNDA:0,(anonymous_82)
FNDA:0,(anonymous_83)
FNDA:0,(anonymous_84)
FNDA:0,(anonymous_85)
DA:11,1
DA:12,0
DA:15,0
DA:21,0
DA:31,1
DA:32,0
DA:35,0
DA:41,0
DA:48,1
DA:49,1
DA:51,1
DA:55,1
DA:58,0
DA:65,1
DA:66,0
DA:68,0
DA:72,0
DA:75,0
DA:82,1
DA:83,0
DA:85,0
DA:87,0
DA:88,0
DA:92,0
DA:100,1
DA:101,0
DA:103,0
DA:108,0
DA:111,0
DA:117,1
DA:118,0
DA:120,0
DA:122,0
DA:123,0
DA:127,0
DA:136,1
DA:137,0
DA:141,0
DA:147,0
DA:153,1
DA:154,0
DA:158,0
DA:165,0
DA:172,1
DA:176,0
DA:178,0
DA:181,0
DA:182,0
DA:187,0
DA:197,1
DA:198,1
DA:201,1
DA:207,0
DA:214,1
DA:215,0
DA:218,0
DA:222,0
DA:225,0
DA:233,1
DA:234,0
DA:237,0
DA:238,0
DA:244,0
DA:251,1
DA:253,0
DA:255,0
DA:258,0
DA:266,1
DA:267,0
DA:269,0
DA:272,0
DA:278,1
DA:279,0
DA:282,0
DA:288,0
DA:295,1
DA:297,0
DA:299,0
DA:302,0
DA:309,1
DA:310,0
DA:312,0
DA:313,0
DA:317,0
DA:320,0
DA:326,1
DA:327,0
DA:330,0
DA:336,0
DA:343,1
DA:345,0
DA:347,0
DA:350,0
LF:93
LH:25
BRF:0
BRH:0
end_of_record
