TN:
SF:C:\Users\Steven\Desktop\workidea\client\src\setUpTest.js
FNF:0
FNH:0
DA:4,3
LF:1
LH:1
BRF:0
BRH:0
end_of_record
TN:
SF:C:\Users\Steven\Desktop\workidea\client\src\components\Achievments.js
FN:4,(anonymous_0)
FNF:1
FNH:1
FNDA:1,(anonymous_0)
DA:4,1
DA:5,1
LF:2
LH:2
BRF:0
BRH:0
end_of_record
TN:
SF:C:\Users\Steven\Desktop\workidea\client\src\components\Feedback.js
FN:4,(anonymous_0)
FN:8,(anonymous_1)
FNF:2
FNH:2
FNDA:1,(anonymous_0)
FNDA:1,(anonymous_1)
DA:5,1
DA:6,1
DA:9,1
LF:3
LH:3
BRF:0
BRH:0
end_of_record
TN:
SF:C:\Users\Steven\Desktop\workidea\client\src\components\Footer.js
FN:9,(anonymous_0)
FNF:1
FNH:0
FNDA:0,(anonymous_0)
DA:9,1
DA:10,0
LF:2
LH:1
BRF:0
BRH:0
end_of_record
TN:
SF:C:\Users\Steven\Desktop\workidea\client\src\components\Header.js
FN:7,(anonymous_0)
FN:75,(anonymous_1)
FN:80,(anonymous_2)
FN:86,(anonymous_3)
FN:96,(anonymous_4)
FN:108,(anonymous_5)
FN:113,(anonymous_6)
FN:125,(anonymous_7)
FN:135,(anonymous_8)
FN:151,(anonymous_9)
FN:155,(anonymous_10)
FN:169,(anonymous_11)
FN:204,(anonymous_12)
FNF:13
FNH:0
FNDA:0,(anonymous_0)
FNDA:0,(anonymous_1)
FNDA:0,(anonymous_2)
FNDA:0,(anonymous_3)
FNDA:0,(anonymous_4)
FNDA:0,(anonymous_5)
FNDA:0,(anonymous_6)
FNDA:0,(anonymous_7)
FNDA:0,(anonymous_8)
FNDA:0,(anonymous_9)
FNDA:0,(anonymous_10)
FNDA:0,(anonymous_11)
FNDA:0,(anonymous_12)
DA:8,0
DA:10,0
DA:76,0
DA:77,0
DA:78,0
DA:79,0
DA:80,0
DA:81,0
DA:82,0
DA:85,0
DA:86,0
DA:87,0
DA:89,0
DA:90,0
DA:95,0
DA:96,0
DA:97,0
DA:99,0
DA:100,0
DA:107,0
DA:108,0
DA:109,0
DA:110,0
DA:113,0
DA:114,0
DA:115,0
DA:117,0
DA:120,0
DA:121,0
DA:124,0
DA:125,0
DA:126,0
DA:128,0
DA:129,0
DA:136,0
DA:137,0
DA:138,0
DA:140,0
DA:152,0
DA:155,0
DA:175,0
DA:204,1
DA:209,1
LF:43
LH:2
BRDA:77,0,0,0
BRDA:77,0,1,0
BRDA:79,1,0,0
BRDA:79,1,1,0
BRDA:81,2,0,0
BRDA:81,2,1,0
BRDA:95,3,0,0
BRDA:95,3,1,0
BRDA:107,4,0,0
BRDA:107,4,1,0
BRDA:109,5,0,0
BRDA:109,5,1,0
BRDA:114,6,0,0
BRDA:114,6,1,0
BRDA:124,7,0,0
BRDA:124,7,1,0
BRDA:136,8,0,0
BRDA:136,8,1,0
BRDA:142,9,0,0
BRDA:142,9,1,0
BRDA:152,10,0,0
BRDA:152,10,1,0
BRF:22
BRH:0
end_of_record
TN:
SF:C:\Users\Steven\Desktop\workidea\client\src\components\Layout.js
FN:7,(anonymous_0)
FN:10,(anonymous_1)
FNF:2
FNH:2
FNDA:1,(anonymous_0)
FNDA:1,(anonymous_1)
DA:8,1
DA:11,1
LF:2
LH:2
BRF:0
BRH:0
end_of_record
TN:
SF:C:\Users\Steven\Desktop\workidea\client\src\reducers\errorsReducer.js
FN:7,(anonymous_0)
FNF:1
FNH:1
FNDA:3,(anonymous_0)
DA:3,1
DA:7,1
DA:8,3
DA:10,2
DA:12,1
LF:5
LH:5
BRDA:7,0,0,0
BRDA:8,1,0,2
BRDA:8,1,1,1
BRF:3
BRH:2
end_of_record
TN:
SF:C:\Users\Steven\Desktop\workidea\client\src\reducers\messagesReducer.js
FN:9,(anonymous_0)
FNF:1
FNH:1
FNDA:3,(anonymous_0)
DA:5,1
DA:9,1
DA:10,3
DA:12,1
DA:17,1
DA:23,1
LF:6
LH:6
BRDA:9,0,0,0
BRDA:10,1,0,1
BRDA:10,1,1,1
BRDA:10,1,2,1
BRF:4
BRH:3
end_of_record
TN:
SF:C:\Users\Steven\Desktop\workidea\client\src\types\types.js
FNF:0
FNH:0
DA:1,1
DA:2,1
DA:3,1
DA:4,1
DA:5,1
DA:6,1
LF:6
LH:6
BRF:0
BRH:0
end_of_record
